<?xml version="1.0" encoding="UTF-8"?>
<testsuite xmlns:xsi="http://www.w3.org/2001/XMLSchema-instance" xsi:noNamespaceSchemaLocation="https://maven.apache.org/surefire/maven-surefire-plugin/xsd/surefire-test-report.xsd" name="at.spengergasse.tests.NonPlayerCharacterServiceTest" time="0.048" tests="3" errors="0" skipped="0" failures="0">
  <properties>
[...]
</properties>
  <testcase name="ensureUserServiceFindsMutateBlockCommand" classname="at.spengergasse.tests.NonPlayerCharacterServiceTest" time="0.022"/>
  <testcase name="ensureMobServiceDeletesMob" classname="at.spengergasse.tests.NonPlayerCharacterServiceTest" time="0.017"/>
  <testcase name="ensureUserServiceWorksProperlyWithMutateBlockCommand" classname="at.spengergasse.tests.NonPlayerCharacterServiceTest" time="0.007"/>
</testsuite>